This is pdfTeX, Version 3.1415926-2.5-1.40.14 (MiKTeX 2.9) (preloaded format=pdflatex 2014.8.19)  14 OCT 2015 14:36
entering extended mode
**zap_sparse.tex
("D:\Dropbox\submissions\in preparation\Zap_Sparse_SDM16\zap_sparse.tex"
LaTeX2e <2011/06/27>
Babel <v3.8m> and hyphenation patterns for english, afrikaans, ancientgreek, arabic, armenian, assamese, basque, bengali
, bokmal, bulgarian, catalan, coptic, croatian, czech, danish, dutch, esperanto, estonian, farsi, finnish, french, galic
ian, german, german-x-2013-05-26, greek, gujarati, hindi, hungarian, icelandic, indonesian, interlingua, irish, italian,
 kannada, kurmanji, latin, latvian, lithuanian, malayalam, marathi, mongolian, mongolianlmc, monogreek, ngerman, ngerman
-x-2013-05-26, nynorsk, oriya, panjabi, pinyin, polish, portuguese, romanian, russian, sanskrit, serbian, slovak, sloven
ian, spanish, swedish, swissgerman, tamil, telugu, turkish, turkmen, ukenglish, ukrainian, uppersorbian, usenglishmax, w
elsh, loaded.
("C:\Program Files (x86)\MiKTeX 2.9\tex\latex\base\article.cls"
Document Class: article 2007/10/19 v1.4h Standard LaTeX document class
("C:\Program Files (x86)\MiKTeX 2.9\tex\latex\base\leqno.clo"
File: leqno.clo 1998/08/17 v1.1c Standard LaTeX option (left equation numbers)
)
("C:\Program Files (x86)\MiKTeX 2.9\tex\latex\base\size10.clo"
File: size10.clo 2007/10/19 v1.4h Standard LaTeX file (size option)
)
\c@part=\count79
\c@section=\count80
\c@subsection=\count81
\c@subsubsection=\count82
\c@paragraph=\count83
\c@subparagraph=\count84
\c@figure=\count85
\c@table=\count86
\abovecaptionskip=\skip41
\belowcaptionskip=\skip42
\bibindent=\dimen102
)
("D:\Dropbox\submissions\in preparation\Zap_Sparse_SDM16\ltexpprt.sty"
*** ACM/SIAM LaTeX2E Preprint Series macro package, version 1.0, September 5, 1996 ***
\outerparskip=\skip43
\c@@theorem=\count87
\c@@algorithm=\count88
\c@lemma=\count89
\c@fact=\count90
\c@corollary=\count91
\c@axiom=\count92
\c@cond=\count93
\c@property=\count94
\c@proposition=\count95
\c@Conjecture=\count96
\c@Definition=\count97
\c@Lemma=\count98
\c@Remark=\count99
)
("C:\Program Files (x86)\MiKTeX 2.9\tex\latex\graphics\graphicx.sty"
Package: graphicx 1999/02/16 v1.0f Enhanced LaTeX Graphics (DPC,SPQR)

("C:\Program Files (x86)\MiKTeX 2.9\tex\latex\graphics\keyval.sty"
Package: keyval 1999/03/16 v1.13 key=value parser (DPC)
\KV@toks@=\toks14
)
("C:\Program Files (x86)\MiKTeX 2.9\tex\latex\graphics\graphics.sty"
Package: graphics 2009/02/05 v1.0o Standard LaTeX Graphics (DPC,SPQR)

("C:\Program Files (x86)\MiKTeX 2.9\tex\latex\graphics\trig.sty"
Package: trig 1999/03/16 v1.09 sin cos tan (DPC)
)
("C:\Program Files (x86)\MiKTeX 2.9\tex\latex\00miktex\graphics.cfg"
File: graphics.cfg 2007/01/18 v1.5 graphics configuration of teTeX/TeXLive
)
Package graphics Info: Driver file: pdftex.def on input line 91.

("C:\Program Files (x86)\MiKTeX 2.9\tex\latex\pdftex-def\pdftex.def"
File: pdftex.def 2011/05/27 v0.06d Graphics/color for pdfTeX

("C:\Program Files (x86)\MiKTeX 2.9\tex\generic\oberdiek\infwarerr.sty"
Package: infwarerr 2010/04/08 v1.3 Providing info/warning/error messages (HO)
)
("C:\Program Files (x86)\MiKTeX 2.9\tex\generic\oberdiek\ltxcmds.sty"
Package: ltxcmds 2011/11/09 v1.22 LaTeX kernel commands for general use (HO)
)
\Gread@gobject=\count100
))
\Gin@req@height=\dimen103
\Gin@req@width=\dimen104
)
("C:\Program Files (x86)\MiKTeX 2.9\tex\latex\oberdiek\epstopdf.sty"
Package: epstopdf 2010/02/09 v2.5 Conversion with epstopdf on the fly (HO)

("C:\Program Files (x86)\MiKTeX 2.9\tex\latex\oberdiek\epstopdf-base.sty"
Package: epstopdf-base 2010/02/09 v2.5 Base part for package epstopdf

("C:\Program Files (x86)\MiKTeX 2.9\tex\latex\oberdiek\grfext.sty"
Package: grfext 2010/08/19 v1.1 Manage graphics extensions (HO)

("C:\Program Files (x86)\MiKTeX 2.9\tex\generic\oberdiek\kvdefinekeys.sty"
Package: kvdefinekeys 2011/04/07 v1.3 Define keys (HO)
))
("C:\Program Files (x86)\MiKTeX 2.9\tex\latex\oberdiek\kvoptions.sty"
Package: kvoptions 2011/06/30 v3.11 Key value format for package options (HO)

("C:\Program Files (x86)\MiKTeX 2.9\tex\generic\oberdiek\kvsetkeys.sty"
Package: kvsetkeys 2012/04/25 v1.16 Key value parser (HO)

("C:\Program Files (x86)\MiKTeX 2.9\tex\generic\oberdiek\etexcmds.sty"
Package: etexcmds 2011/02/16 v1.5 Avoid name clashes with e-TeX commands (HO)

("C:\Program Files (x86)\MiKTeX 2.9\tex\generic\oberdiek\ifluatex.sty"
Package: ifluatex 2010/03/01 v1.3 Provides the ifluatex switch (HO)
Package ifluatex Info: LuaTeX not detected.
)
Package etexcmds Info: Could not find \expanded.
(etexcmds)             That can mean that you are not using pdfTeX 1.50 or
(etexcmds)             that some package has redefined \expanded.
(etexcmds)             In the latter case, load this package earlier.
)))
("C:\Program Files (x86)\MiKTeX 2.9\tex\generic\oberdiek\pdftexcmds.sty"
Package: pdftexcmds 2011/11/29 v0.20 Utility functions of pdfTeX for LuaTeX (HO)

("C:\Program Files (x86)\MiKTeX 2.9\tex\generic\oberdiek\ifpdf.sty"
Package: ifpdf 2011/01/30 v2.3 Provides the ifpdf switch (HO)
Package ifpdf Info: pdfTeX in PDF mode is detected.
)
Package pdftexcmds Info: LuaTeX not detected.
Package pdftexcmds Info: \pdf@primitive is available.
Package pdftexcmds Info: \pdf@ifprimitive is available.
Package pdftexcmds Info: \pdfdraftmode found.
)
Package grfext Info: Graphics extension search list:
(grfext)             [.png,.pdf,.jpg,.mps,.jpeg,.jbig2,.jb2,.PNG,.PDF,.JPG,.JPEG,.JBIG2,.JB2,.eps]
(grfext)             \AppendGraphicsExtensions on input line 452.
))
("C:\Program Files (x86)\MiKTeX 2.9\tex\latex\amsmath\amsmath.sty"
Package: amsmath 2013/01/14 v2.14 AMS math features
\@mathmargin=\skip44

For additional information on amsmath, use the `?' option.
("C:\Program Files (x86)\MiKTeX 2.9\tex\latex\amsmath\amstext.sty"
Package: amstext 2000/06/29 v2.01

("C:\Program Files (x86)\MiKTeX 2.9\tex\latex\amsmath\amsgen.sty"
File: amsgen.sty 1999/11/30 v2.0
\@emptytoks=\toks15
\ex@=\dimen105
))
("C:\Program Files (x86)\MiKTeX 2.9\tex\latex\amsmath\amsbsy.sty"
Package: amsbsy 1999/11/29 v1.2d
\pmbraise@=\dimen106
)
("C:\Program Files (x86)\MiKTeX 2.9\tex\latex\amsmath\amsopn.sty"
Package: amsopn 1999/12/14 v2.01 operator names
)
\inf@bad=\count101
LaTeX Info: Redefining \frac on input line 210.
\uproot@=\count102
\leftroot@=\count103
LaTeX Info: Redefining \overline on input line 306.
\classnum@=\count104
\DOTSCASE@=\count105
LaTeX Info: Redefining \ldots on input line 378.
LaTeX Info: Redefining \dots on input line 381.
LaTeX Info: Redefining \cdots on input line 466.
\Mathstrutbox@=\box26
\strutbox@=\box27
\big@size=\dimen107
LaTeX Font Info:    Redeclaring font encoding OML on input line 566.
LaTeX Font Info:    Redeclaring font encoding OMS on input line 567.
\macc@depth=\count106
\c@MaxMatrixCols=\count107
\dotsspace@=\muskip10
\c@parentequation=\count108
\dspbrk@lvl=\count109
\tag@help=\toks16
\row@=\count110
\column@=\count111
\maxfields@=\count112
\andhelp@=\toks17
\eqnshift@=\dimen108
\alignsep@=\dimen109
\tagshift@=\dimen110
\tagwidth@=\dimen111
\totwidth@=\dimen112
\lineht@=\dimen113
\@envbody=\toks18
\multlinegap=\skip45
\multlinetaggap=\skip46
\mathdisplay@stack=\toks19
LaTeX Info: Redefining \[ on input line 2665.
LaTeX Info: Redefining \] on input line 2666.
)
("C:\Program Files (x86)\MiKTeX 2.9\tex\latex\amsfonts\amssymb.sty"
Package: amssymb 2013/01/14 v3.01 AMS font symbols

("C:\Program Files (x86)\MiKTeX 2.9\tex\latex\amsfonts\amsfonts.sty"
Package: amsfonts 2013/01/14 v3.01 Basic AMSFonts support
\symAMSa=\mathgroup4
\symAMSb=\mathgroup5
LaTeX Font Info:    Overwriting math alphabet `\mathfrak' in version `bold'
(Font)                  U/euf/m/n --> U/euf/b/n on input line 106.
))
("C:\Program Files (x86)\MiKTeX 2.9\tex\latex\graphics\color.sty"
Package: color 2005/11/14 v1.0j Standard LaTeX Color (DPC)

("C:\Program Files (x86)\MiKTeX 2.9\tex\latex\00miktex\color.cfg"
File: color.cfg 2007/01/18 v1.5 color configuration of teTeX/TeXLive
)
Package color Info: Driver file: pdftex.def on input line 130.
)
("C:\Program Files (x86)\MiKTeX 2.9\tex\latex\graphics\epsfig.sty"
Package: epsfig 1999/02/16 v1.7a (e)psfig emulation (SPQR)
\epsfxsize=\dimen114
\epsfysize=\dimen115
)
("C:\Program Files (x86)\MiKTeX 2.9\tex\latex\tools\tabularx.sty"
Package: tabularx 1999/01/07 v2.07 `tabularx' package (DPC)

("C:\Program Files (x86)\MiKTeX 2.9\tex\latex\tools\array.sty"
Package: array 2008/09/09 v2.4c Tabular extension package (FMi)
\col@sep=\dimen116
\extrarowheight=\dimen117
\NC@list=\toks20
\extratabsurround=\skip47
\backup@length=\skip48
)
\TX@col@width=\dimen118
\TX@old@table=\dimen119
\TX@old@col=\dimen120
\TX@target=\dimen121
\TX@delta=\dimen122
\TX@cols=\count113
\TX@ftn=\toks21
)
("C:\Program Files (x86)\MiKTeX 2.9\tex\latex\multirow\multirow.sty"
\bigstrutjot=\dimen123
)
("C:\Program Files (x86)\MiKTeX 2.9\tex\latex\subfigure\subfigure.sty"
Package: subfigure 2002/07/30 v2.1.4 subfigure package
\subfigtopskip=\skip49
\subfigcapskip=\skip50
\subfigcaptopadj=\dimen124
\subfigbottomskip=\skip51
\subfigcapmargin=\dimen125
\subfiglabelskip=\skip52
\c@subfigure=\count114
\c@lofdepth=\count115
\c@subtable=\count116
\c@lotdepth=\count117

****************************************
* Local config file subfigure.cfg used *
****************************************
("C:\Program Files (x86)\MiKTeX 2.9\tex\latex\subfigure\subfigure.cfg")
\subfig@top=\skip53
\subfig@bottom=\skip54
)
("C:\Program Files (x86)\MiKTeX 2.9\tex\latex\jknappen\mathrsfs.sty"
Package: mathrsfs 1996/01/01 Math RSFS package v1.0 (jk)
\symrsfs=\mathgroup6
)
("C:\Program Files (x86)\MiKTeX 2.9\tex\latex\mathtools\mathtools.sty"
Package: mathtools 2014/07/16 v1.15 mathematical typesetting tools

("C:\Program Files (x86)\MiKTeX 2.9\tex\latex\tools\calc.sty"
Package: calc 2007/08/22 v4.3 Infix arithmetic (KKT,FJ)
\calc@Acount=\count118
\calc@Bcount=\count119
\calc@Adimen=\dimen126
\calc@Bdimen=\dimen127
\calc@Askip=\skip55
\calc@Bskip=\skip56
LaTeX Info: Redefining \setlength on input line 76.
LaTeX Info: Redefining \addtolength on input line 77.
\calc@Ccount=\count120
\calc@Cskip=\skip57
)
("C:\Program Files (x86)\MiKTeX 2.9\tex\latex\mathtools\mhsetup.sty"
Package: mhsetup 2010/01/21 v1.2a programming setup (MH)
)
LaTeX Info: Thecontrolsequence`\['isalreadyrobust on input line 129.
LaTeX Info: Thecontrolsequence`\]'isalreadyrobust on input line 129.
\g_MT_multlinerow_int=\count121
\l_MT_multwidth_dim=\dimen128
\origjot=\skip58
\l_MT_shortvdotswithinadjustabove_dim=\dimen129
\l_MT_shortvdotswithinadjustbelow_dim=\dimen130
\l_MT_above_intertext_sep=\dimen131
\l_MT_below_intertext_sep=\dimen132
\l_MT_above_shortintertext_sep=\dimen133
\l_MT_below_shortintertext_sep=\dimen134
)
("C:\Program Files (x86)\MiKTeX 2.9\tex\latex\hyperref\hyperref.sty"
Package: hyperref 2012/11/06 v6.83m Hypertext links for LaTeX

("C:\Program Files (x86)\MiKTeX 2.9\tex\generic\oberdiek\hobsub-hyperref.sty"
Package: hobsub-hyperref 2012/04/25 v1.12 Bundle oberdiek, subset hyperref (HO)

("C:\Program Files (x86)\MiKTeX 2.9\tex\generic\oberdiek\hobsub-generic.sty"
Package: hobsub-generic 2012/04/25 v1.12 Bundle oberdiek, subset generic (HO)
Package: hobsub 2012/04/25 v1.12 Construct package bundles (HO)
Package hobsub Info: Skipping package `infwarerr' (already loaded).
Package hobsub Info: Skipping package `ltxcmds' (already loaded).
Package hobsub Info: Skipping package `ifluatex' (already loaded).
Package: ifvtex 2010/03/01 v1.5 Detect VTeX and its facilities (HO)
Package ifvtex Info: VTeX not detected.
Package: intcalc 2007/09/27 v1.1 Expandable calculations with integers (HO)
Package hobsub Info: Skipping package `ifpdf' (already loaded).
Package hobsub Info: Skipping package `etexcmds' (already loaded).
Package hobsub Info: Skipping package `kvsetkeys' (already loaded).
Package hobsub Info: Skipping package `kvdefinekeys' (already loaded).
Package hobsub Info: Skipping package `pdftexcmds' (already loaded).
Package: pdfescape 2011/11/25 v1.13 Implements pdfTeX's escape features (HO)
Package: bigintcalc 2012/04/08 v1.3 Expandable calculations on big integers (HO)
Package: bitset 2011/01/30 v1.1 Handle bit-vector datatype (HO)
Package: uniquecounter 2011/01/30 v1.2 Provide unlimited unique counter (HO)
)
Package hobsub Info: Skipping package `hobsub' (already loaded).
Package: letltxmacro 2010/09/02 v1.4 Let assignment for LaTeX macros (HO)
Package: hopatch 2011/06/24 v1.1 Wrapper for package hooks (HO)
Package: xcolor-patch 2011/01/30 xcolor patch
Package: atveryend 2011/06/30 v1.8 Hooks at the very end of document (HO)
Package atveryend Info: \enddocument detected (standard20110627).
Package: atbegshi 2011/10/05 v1.16 At begin shipout hook (HO)
Package: refcount 2011/10/16 v3.4 Data extraction from label references (HO)
Package: hycolor 2011/01/30 v1.7 Color options for hyperref/bookmark (HO)
)
("C:\Program Files (x86)\MiKTeX 2.9\tex\generic\ifxetex\ifxetex.sty"
Package: ifxetex 2010/09/12 v0.6 Provides ifxetex conditional
)
("C:\Program Files (x86)\MiKTeX 2.9\tex\latex\oberdiek\auxhook.sty"
Package: auxhook 2011/03/04 v1.3 Hooks for auxiliary files (HO)
)
\@linkdim=\dimen135
\Hy@linkcounter=\count122
\Hy@pagecounter=\count123

("C:\Program Files (x86)\MiKTeX 2.9\tex\latex\hyperref\pd1enc.def"
File: pd1enc.def 2012/11/06 v6.83m Hyperref: PDFDocEncoding definition (HO)
)
\Hy@SavedSpaceFactor=\count124

("C:\Program Files (x86)\MiKTeX 2.9\tex\latex\00miktex\hyperref.cfg"
File: hyperref.cfg 2002/06/06 v1.2 hyperref configuration of TeXLive
)
Package hyperref Info: Hyper figures OFF on input line 4443.
Package hyperref Info: Link nesting OFF on input line 4448.
Package hyperref Info: Hyper index ON on input line 4451.
Package hyperref Info: Plain pages OFF on input line 4458.
Package hyperref Info: Backreferencing OFF on input line 4463.
Package hyperref Info: Implicit mode ON; LaTeX internals redefined.
Package hyperref Info: Bookmarks ON on input line 4688.
\c@Hy@tempcnt=\count125

("C:\Program Files (x86)\MiKTeX 2.9\tex\latex\url\url.sty"
\Urlmuskip=\muskip11
Package: url 2013/09/16  ver 3.4  Verb mode for urls, etc.
)
LaTeX Info: Redefining \url on input line 5041.
\XeTeXLinkMargin=\dimen136
\Fld@menulength=\count126
\Field@Width=\dimen137
\Fld@charsize=\dimen138
Package hyperref Info: Hyper figures OFF on input line 6295.
Package hyperref Info: Link nesting OFF on input line 6300.
Package hyperref Info: Hyper index ON on input line 6303.
Package hyperref Info: backreferencing OFF on input line 6310.
Package hyperref Info: Link coloring OFF on input line 6315.
Package hyperref Info: Link coloring with OCG OFF on input line 6320.
Package hyperref Info: PDF/A mode OFF on input line 6325.
LaTeX Info: Redefining \ref on input line 6365.
LaTeX Info: Redefining \pageref on input line 6369.
\Hy@abspage=\count127
\c@Item=\count128
\c@Hfootnote=\count129
)

Package hyperref Message: Driver (autodetected): hpdftex.

("C:\Program Files (x86)\MiKTeX 2.9\tex\latex\hyperref\hpdftex.def"
File: hpdftex.def 2012/11/06 v6.83m Hyperref driver for pdfTeX
\Fld@listcount=\count130
\c@bookmark@seq@number=\count131

("C:\Program Files (x86)\MiKTeX 2.9\tex\latex\oberdiek\rerunfilecheck.sty"
Package: rerunfilecheck 2011/04/15 v1.7 Rerun checks for auxiliary files (HO)
Package uniquecounter Info: New unique counter `rerunfilecheck' on input line 282.
)
\Hy@SectionHShift=\skip59
)
("C:\Program Files (x86)\MiKTeX 2.9\tex\latex\booktabs\booktabs.sty"
Package: booktabs 2005/04/14 v1.61803 publication quality tables
\heavyrulewidth=\dimen139
\lightrulewidth=\dimen140
\cmidrulewidth=\dimen141
\belowrulesep=\dimen142
\belowbottomsep=\dimen143
\aboverulesep=\dimen144
\abovetopsep=\dimen145
\cmidrulesep=\dimen146
\cmidrulekern=\dimen147
\defaultaddspace=\dimen148
\@cmidla=\count132
\@cmidlb=\count133
\@aboverulesep=\dimen149
\@belowrulesep=\dimen150
\@thisruleclass=\count134
\@lastruleclass=\count135
\@thisrulewidth=\dimen151
)
("D:\Dropbox\submissions\in preparation\Zap_Sparse_SDM16\sci.sty"
Package: sci 
)
("C:\Program Files (x86)\MiKTeX 2.9\tex\latex\tools\bm.sty"
Package: bm 2004/02/26 v1.1c Bold Symbol Support (DPC/FMi)
\symboldoperators=\mathgroup7
\symboldletters=\mathgroup8
\symboldsymbols=\mathgroup9
LaTeX Font Info:    Redeclaring math alphabet \mathbf on input line 138.
LaTeX Info: Redefining \bm on input line 204.
)
("D:\Dropbox\submissions\in preparation\Zap_Sparse_SDM16\zap_sparse.aux")
LaTeX Font Info:    Checking defaults for OML/cmm/m/it on input line 79.
LaTeX Font Info:    ... okay on input line 79.
LaTeX Font Info:    Checking defaults for T1/cmr/m/n on input line 79.
LaTeX Font Info:    ... okay on input line 79.
LaTeX Font Info:    Checking defaults for OT1/cmr/m/n on input line 79.
LaTeX Font Info:    ... okay on input line 79.
LaTeX Font Info:    Checking defaults for OMS/cmsy/m/n on input line 79.
LaTeX Font Info:    ... okay on input line 79.
LaTeX Font Info:    Checking defaults for OMX/cmex/m/n on input line 79.
LaTeX Font Info:    ... okay on input line 79.
LaTeX Font Info:    Checking defaults for U/cmr/m/n on input line 79.
LaTeX Font Info:    ... okay on input line 79.
LaTeX Font Info:    Checking defaults for PD1/pdf/m/n on input line 79.
LaTeX Font Info:    ... okay on input line 79.

("C:\Program Files (x86)\MiKTeX 2.9\tex\context\base\supp-pdf.mkii"
[Loading MPS to PDF converter (version 2006.09.02).]
\scratchcounter=\count136
\scratchdimen=\dimen152
\scratchbox=\box28
\nofMPsegments=\count137
\nofMParguments=\count138
\everyMPshowfont=\toks22
\MPscratchCnt=\count139
\MPscratchDim=\dimen153
\MPnumerator=\count140
\makeMPintoPDFobject=\count141
\everyMPtoPDFconversion=\toks23
)
\AtBeginShipoutBox=\box29
Package hyperref Info: Link coloring OFF on input line 79.
 ("C:\Program Files (x86)\MiKTeX 2.9\tex\latex\hyperref\nameref.sty"
Package: nameref 2012/10/27 v2.43 Cross-referencing by name of section

("C:\Program Files (x86)\MiKTeX 2.9\tex\generic\oberdiek\gettitlestring.sty"
Package: gettitlestring 2010/12/03 v1.4 Cleanup title references (HO)
)
\c@section@level=\count142
)
LaTeX Info: Redefining \ref on input line 79.
LaTeX Info: Redefining \pageref on input line 79.
LaTeX Info: Redefining \nameref on input line 79.

("D:\Dropbox\submissions\in preparation\Zap_Sparse_SDM16\zap_sparse.out")
("D:\Dropbox\submissions\in preparation\Zap_Sparse_SDM16\zap_sparse.out")
\@outlinefile=\write3
LaTeX Font Info:    Try loading font information for U+msa on input line 93.

("C:\Program Files (x86)\MiKTeX 2.9\tex\latex\amsfonts\umsa.fd"
File: umsa.fd 2013/01/14 v3.01 AMS symbols A
)
LaTeX Font Info:    Try loading font information for U+msb on input line 93.

("C:\Program Files (x86)\MiKTeX 2.9\tex\latex\amsfonts\umsb.fd"
File: umsb.fd 2013/01/14 v3.01 AMS symbols B
)
LaTeX Font Info:    Try loading font information for U+rsfs on input line 93.

("C:\Program Files (x86)\MiKTeX 2.9\tex\latex\jknappen\ursfs.fd"
File: ursfs.fd 1998/03/24 rsfs font definition file (jk)
) <fig/eg_ad.png, id=58, 481.04718pt x 293.59688pt>
File: fig/eg_ad.png Graphic file (type png)

<use fig/eg_ad.png>
Package pdftex.def Info: fig/eg_ad.png used on input line 107.
(pdftex.def)             Requested size: 192.80074pt x 117.67409pt.
 [1{C:/ProgramData/MiKTeX/2.9/pdftex/config/pdftex.map}


 <D:/Dropbox/submissions/in preparation/Zap_Sparse_SDM16/fig/eg_ad.png>]
Underfull \vbox (badness 10000) has occurred while \output is active []

Package epstopdf Info: Source file: <fig/response_seq_zap_ex.eps>
(epstopdf)                    date: 2015-10-14 00:33:08
(epstopdf)                    size: 5007035 bytes
(epstopdf)             Output file: <fig/response_seq_zap_ex-eps-converted-to.pdf>
(epstopdf)                    date: 2015-10-14 00:33:08
(epstopdf)                    size: 53189 bytes
(epstopdf)             Command: <epstopdf --outfile=fig/response_seq_zap_ex-eps-converted-to.pdf fig/response_seq_zap_ex
.eps>
(epstopdf)             \includegraphics on input line 159.
Package epstopdf Info: Output file is already uptodate.

<fig/response_seq_zap_ex-eps-converted-to.pdf, id=104, 366.36874pt x 277.035pt>
File: fig/response_seq_zap_ex-eps-converted-to.pdf Graphic file (type pdf)

<use fig/response_seq_zap_ex-eps-converted-to.pdf>
Package pdftex.def Info: fig/response_seq_zap_ex-eps-converted-to.pdf used on input line 159.
(pdftex.def)             Requested size: 156.64853pt x 118.45059pt.
 <fig/smile_seq_non_ex.png, id=105, 1806.75pt x 1105.12875pt>
File: fig/smile_seq_non_ex.png Graphic file (type png)

<use fig/smile_seq_non_ex.png>
Package pdftex.def Info: fig/smile_seq_non_ex.png used on input line 160.
(pdftex.def)             Requested size: 192.80074pt x 117.92215pt.

Underfull \hbox (badness 2941) in paragraph at lines 166--167
 \OT1/cmr/bx/n/10 3.2 Mo-ti-va-tion for Us-ing Smile Re-sponse.[][]
 []

LaTeX Font Info:    Try loading font information for OMS+cmr on input line 168.
("C:\Program Files (x86)\MiKTeX 2.9\tex\latex\base\omscmr.fd"
File: omscmr.fd 1999/05/25 v2.5h Standard LaTeX font definitions
)
LaTeX Font Info:    Font shape `OMS/cmr/m/n' in size <10> not available
(Font)              Font shape `OMS/cmsy/m/n' tried instead on input line 168.

Underfull \vbox (badness 10000) has occurred while \output is active []

 [2]
Package epstopdf Info: Source file: <fig/smile_roc_train.eps>
(epstopdf)                    date: 2015-10-14 00:33:08
(epstopdf)                    size: 27160 bytes
(epstopdf)             Output file: <fig/smile_roc_train-eps-converted-to.pdf>
(epstopdf)                    date: 2015-10-14 00:34:18
(epstopdf)                    size: 5904 bytes
(epstopdf)             Command: <epstopdf --outfile=fig/smile_roc_train-eps-converted-to.pdf fig/smile_roc_train.eps>
(epstopdf)             \includegraphics on input line 187.
Package epstopdf Info: Output file is already uptodate.

<fig/smile_roc_train-eps-converted-to.pdf, id=135, 427.5975pt x 310.15875pt>
File: fig/smile_roc_train-eps-converted-to.pdf Graphic file (type pdf)

<use fig/smile_roc_train-eps-converted-to.pdf>
Package pdftex.def Info: fig/smile_roc_train-eps-converted-to.pdf used on input line 187.
(pdftex.def)             Requested size: 168.69926pt x 122.367pt.
Package epstopdf Info: Source file: <fig/smile_roc_test.eps>
(epstopdf)                    date: 2015-10-14 00:33:08
(epstopdf)                    size: 27855 bytes
(epstopdf)             Output file: <fig/smile_roc_test-eps-converted-to.pdf>
(epstopdf)                    date: 2015-10-14 00:34:19
(epstopdf)                    size: 6343 bytes
(epstopdf)             Command: <epstopdf --outfile=fig/smile_roc_test-eps-converted-to.pdf fig/smile_roc_test.eps>
(epstopdf)             \includegraphics on input line 188.
Package epstopdf Info: Output file is already uptodate.

<fig/smile_roc_test-eps-converted-to.pdf, id=136, 428.60126pt x 310.15875pt>
File: fig/smile_roc_test-eps-converted-to.pdf Graphic file (type pdf)

<use fig/smile_roc_test-eps-converted-to.pdf>
Package pdftex.def Info: fig/smile_roc_test-eps-converted-to.pdf used on input line 188.
(pdftex.def)             Requested size: 168.69926pt x 122.07832pt.


LaTeX Warning: `h' float specifier changed to `ht'.


Underfull \hbox (badness 1215) in paragraph at lines 203--204
 \OT1/cmr/bx/n/10 4.1 Zap-ping Quan-tifi-ca-tion.[][] \OT1/cmr/m/n/10 Since the sub-jects
 []


Underfull \vbox (badness 10000) has occurred while \output is active []

 [3]
<fig/ad_len_distr.png, id=162, 462.2871pt x 331.2375pt>
File: fig/ad_len_distr.png Graphic file (type png)
 <use fig/ad_len_distr.png>
Package pdftex.def Info: fig/ad_len_distr.png used on input line 207.
(pdftex.def)             Requested size: 216.89853pt x 155.4087pt.


LaTeX Warning: `h' float specifier changed to `ht'.


Underfull \hbox (badness 10000) in paragraph at lines 214--215
 \OT1/cmr/bx/n/10 4.2 Zap-ping Pre-dic-tion.[][] \OT1/cmr/m/n/10 Dur-ing the train-ing
 []


Underfull \vbox (badness 10000) has occurred while \output is active []

 [4 <D:/Dropbox/submissions/in preparation/Zap_Sparse_SDM16/fig/response_seq_zap_ex-eps-converted-to.pdf> <D:/Dropbox/su
bmissions/in preparation/Zap_Sparse_SDM16/fig/smile_seq_non_ex.png> <D:/Dropbox/submissions/in preparation/Zap_Sparse_SD
M16/fig/smile_roc_train-eps-converted-to.pdf> <D:/Dropbox/submissions/in preparation/Zap_Sparse_SDM16/fig/smile_roc_test
-eps-converted-to.pdf>]
<fig/dict.png, id=196, 484.9317pt x 458.9145pt>
File: fig/dict.png Graphic file (type png)
 <use fig/dict.png>
Package pdftex.def Info: fig/dict.png used on input line 230.
(pdftex.def)             Requested size: 241.0pt x 228.07019pt.

Underfull \vbox (badness 10000) has occurred while \output is active []


<fig/cls_performance.png, id=198, 387.72855pt x 316.18124pt>
File: fig/cls_performance.png Graphic file (type png)
 <use fig/cls_performance.png>
Package pdftex.def Info: fig/cls_performance.png used on input line 249.
(pdftex.def)             Requested size: 192.80074pt x 157.22664pt.

<fig/ad.png, id=199, 1204.5pt x 590.205pt>
File: fig/ad.png Graphic file (type png)
 <use fig/ad.png>
Package pdftex.def Info: fig/ad.png used on input line 256.
(pdftex.def)             Requested size: 393.6015pt x 192.86803pt.
 [5 <D:/Dropbox/submissions/in preparation/Zap_Sparse_SDM16/fig/ad_len_distr.png (PNG copy)> <D:/Dropbox/submissions/in 
preparation/Zap_Sparse_SDM16/fig/dict.png> <D:/Dropbox/submissions/in preparation/Zap_Sparse_SDM16/fig/cls_performance.p
ng (PNG copy)>]
Underfull \vbox (badness 10000) has occurred while \output is active []


Underfull \vbox (badness 10000) has occurred while \output is active []

 [6 <D:/Dropbox/submissions/in preparation/Zap_Sparse_SDM16/fig/ad.png>] <fig/ad_gend.png, id=221, 2628.82124pt x 2601.7
2pt>
File: fig/ad_gend.png Graphic file (type png)
 <use fig/ad_gend.png>
Package pdftex.def Info: fig/ad_gend.png used on input line 283.
(pdftex.def)             Requested size: 192.80074pt x 190.79338pt.

<fig/eth_ad.png, id=222, 560.8152pt x 454.69875pt>
File: fig/eth_ad.png Graphic file (type png)
 <use fig/eth_ad.png>
Package pdftex.def Info: fig/eth_ad.png used on input line 290.
(pdftex.def)             Requested size: 216.89853pt x 175.85397pt.

<fig/adcat_id.png, id=223, 589.7232pt x 410.4936pt>
File: fig/adcat_id.png Graphic file (type png)
 <use fig/adcat_id.png>
Package pdftex.def Info: fig/adcat_id.png used on input line 297.
(pdftex.def)             Requested size: 241.0pt x 167.75226pt.
 [7 <D:/Dropbox/submissions/in preparation/Zap_Sparse_SDM16/fig/ad_gend.png> <D:/Dropbox/submissions/in preparation/Zap_
Sparse_SDM16/fig/eth_ad.png (PNG copy)> <D:/Dropbox/submissions/in preparation/Zap_Sparse_SDM16/fig/adcat_id.png>]
("D:\Dropbox\submissions\in preparation\Zap_Sparse_SDM16\zap_sparse.bbl"
Underfull \hbox (badness 4859) in paragraph at lines 65--69
[]\OT1/cmr/m/n/9 S. Lucey, I. Matthews, C. Hu, Z. Am-badar,
 []

)
Package atveryend Info: Empty hook `BeforeClearDocument' on input line 320.
 [8]
Package atveryend Info: Empty hook `AfterLastShipout' on input line 320.
 ("D:\Dropbox\submissions\in preparation\Zap_Sparse_SDM16\zap_sparse.aux")
Package atveryend Info: Executing hook `AtVeryEndDocument' on input line 320.
Package atveryend Info: Executing hook `AtEndAfterFileList' on input line 320.
Package rerunfilecheck Info: File `zap_sparse.out' has not changed.
(rerunfilecheck)             Checksum: C64FB0D1A805102A7BAB5DB1284B37B1;867.
Package atveryend Info: Empty hook `AtVeryVeryEnd' on input line 320.
 ) 
Here is how much of TeX's memory you used:
 7468 strings out of 493921
 108838 string characters out of 3144885
 200362 words of memory out of 3000000
 10516 multiletter control sequences out of 15000+200000
 18387 words of font info for 70 fonts, out of 3000000 for 9000
 841 hyphenation exceptions out of 8191
 42i,15n,28p,1559b,383s stack positions out of 5000i,500n,10000p,200000b,50000s
<C:/Program Files (x86)/MiKTeX 2.9/fonts/type1/public/amsfonts/cm/cmbx10.pfb><C:/Program Files (x86)/MiKTeX 2.9/fonts/
type1/public/amsfonts/cm/cmbx7.pfb><C:/Program Files (x86)/MiKTeX 2.9/fonts/type1/public/amsfonts/cm/cmex10.pfb><C:/Prog
ram Files (x86)/MiKTeX 2.9/fonts/type1/public/amsfonts/cm/cmmi10.pfb><C:/Program Files (x86)/MiKTeX 2.9/fonts/type1/publ
ic/amsfonts/cm/cmmi5.pfb><C:/Program Files (x86)/MiKTeX 2.9/fonts/type1/public/amsfonts/cm/cmmi7.pfb><C:/Program Files (
x86)/MiKTeX 2.9/fonts/type1/public/amsfonts/cm/cmr10.pfb><C:/Program Files (x86)/MiKTeX 2.9/fonts/type1/public/amsfonts/
cm/cmr12.pfb><C:/Program Files (x86)/MiKTeX 2.9/fonts/type1/public/amsfonts/cm/cmr7.pfb><C:/Program Files (x86)/MiKTeX 2
.9/fonts/type1/public/amsfonts/cm/cmr8.pfb><C:/Program Files (x86)/MiKTeX 2.9/fonts/type1/public/amsfonts/cm/cmr9.pfb><C
:/Program Files (x86)/MiKTeX 2.9/fonts/type1/public/amsfonts/cm/cmsy10.pfb><C:/Program Files (x86)/MiKTeX 2.9/fonts/type
1/public/amsfonts/cm/cmsy6.pfb><C:/Program Files (x86)/MiKTeX 2.9/fonts/type1/public/amsfonts/cm/cmsy7.pfb><C:/Program F
iles (x86)/MiKTeX 2.9/fonts/type1/public/amsfonts/cm/cmsy8.pfb><C:/Program Files (x86)/MiKTeX 2.9/fonts/type1/public/ams
fonts/cm/cmti10.pfb><C:/Program Files (x86)/MiKTeX 2.9/fonts/type1/public/amsfonts/cm/cmti9.pfb>
Output written on zap_sparse.pdf (8 pages, 3998281 bytes).
PDF statistics:
 310 PDF objects out of 1000 (max. 8388607)
 68 named destinations out of 1000 (max. 500000)
 165 words of extra memory for PDF output out of 10000 (max. 10000000)

